d:\github\giftialaboratory\fpsrpgdemo\fpsrpgdemo\x64\release\vc140.pdb
d:\github\giftialaboratory\fpsrpgdemo\fpsrpgdemo\x64\release\sky.obj
d:\github\giftialaboratory\fpsrpgdemo\fpsrpgdemo\x64\release\scene.obj
d:\github\giftialaboratory\fpsrpgdemo\fpsrpgdemo\x64\release\renderable.obj
d:\github\giftialaboratory\fpsrpgdemo\fpsrpgdemo\x64\release\player.obj
d:\github\giftialaboratory\fpsrpgdemo\fpsrpgdemo\x64\release\npcbase.obj
d:\github\giftialaboratory\fpsrpgdemo\fpsrpgdemo\x64\release\model.obj
d:\github\giftialaboratory\fpsrpgdemo\fpsrpgdemo\x64\release\ground.obj
d:\github\giftialaboratory\fpsrpgdemo\fpsrpgdemo\x64\release\glutil.obj
d:\github\giftialaboratory\fpsrpgdemo\fpsrpgdemo\x64\release\glframe.obj
d:\github\giftialaboratory\fpsrpgdemo\fpsrpgdemo\x64\release\exception.obj
d:\github\giftialaboratory\fpsrpgdemo\fpsrpgdemo\x64\release\camera3d.obj
d:\github\giftialaboratory\fpsrpgdemo\fpsrpgdemo\x64\release\camera2d.obj
d:\github\giftialaboratory\fpsrpgdemo\fpsrpgdemo\x64\release\camera.obj
d:\github\giftialaboratory\fpsrpgdemo\fpsrpgdemo\x64\release\appentry.obj
d:\github\giftialaboratory\fpsrpgdemo\x64\release\fpsrpgdemo.exe
d:\github\giftialaboratory\fpsrpgdemo\x64\release\fpsrpgdemo.ipdb
d:\github\giftialaboratory\fpsrpgdemo\x64\release\fpsrpgdemo.iobj
d:\github\giftialaboratory\fpsrpgdemo\x64\release\fpsrpgdemo.pdb
d:\github\giftialaboratory\fpsrpgdemo\fpsrpgdemo\x64\release\fpsrpgdemo.tlog\cl.command.1.tlog
d:\github\giftialaboratory\fpsrpgdemo\fpsrpgdemo\x64\release\fpsrpgdemo.tlog\cl.read.1.tlog
d:\github\giftialaboratory\fpsrpgdemo\fpsrpgdemo\x64\release\fpsrpgdemo.tlog\cl.write.1.tlog
d:\github\giftialaboratory\fpsrpgdemo\fpsrpgdemo\x64\release\fpsrpgdemo.tlog\link.command.1.tlog
d:\github\giftialaboratory\fpsrpgdemo\fpsrpgdemo\x64\release\fpsrpgdemo.tlog\link.read.1.tlog
d:\github\giftialaboratory\fpsrpgdemo\fpsrpgdemo\x64\release\fpsrpgdemo.tlog\link.write.1.tlog
